0 info it worked if it ends with ok
1 verbose cli [ 'node',
1 verbose cli   '/Users/alxdark/.nvm/versions/node/v0.12.3/bin/npm',
1 verbose cli   'run',
1 verbose cli   'webpack' ]
2 info using npm@2.10.0
3 info using node@v0.12.3
4 verbose stack Error: missing script: webpack
4 verbose stack     at run (/Users/alxdark/.nvm/versions/node/v0.12.3/lib/node_modules/npm/lib/run-script.js:142:19)
4 verbose stack     at /Users/alxdark/.nvm/versions/node/v0.12.3/lib/node_modules/npm/lib/run-script.js:58:5
4 verbose stack     at /Users/alxdark/.nvm/versions/node/v0.12.3/lib/node_modules/npm/node_modules/read-package-json/read-json.js:345:5
4 verbose stack     at checkBinReferences_ (/Users/alxdark/.nvm/versions/node/v0.12.3/lib/node_modules/npm/node_modules/read-package-json/read-json.js:309:45)
4 verbose stack     at final (/Users/alxdark/.nvm/versions/node/v0.12.3/lib/node_modules/npm/node_modules/read-package-json/read-json.js:343:3)
4 verbose stack     at then (/Users/alxdark/.nvm/versions/node/v0.12.3/lib/node_modules/npm/node_modules/read-package-json/read-json.js:113:5)
4 verbose stack     at /Users/alxdark/.nvm/versions/node/v0.12.3/lib/node_modules/npm/node_modules/read-package-json/read-json.js:232:12
4 verbose stack     at evalmachine.<anonymous>:334:14
4 verbose stack     at /Users/alxdark/.nvm/versions/node/v0.12.3/lib/node_modules/npm/node_modules/graceful-fs/graceful-fs.js:102:5
4 verbose stack     at FSReqWrap.oncomplete (evalmachine.<anonymous>:95:15)
5 verbose cwd /Users/alxdark/java/sagebase/BridgeResearcherUI
6 error Darwin 14.3.0
7 error argv "node" "/Users/alxdark/.nvm/versions/node/v0.12.3/bin/npm" "run" "webpack"
8 error node v0.12.3
9 error npm  v2.10.0
10 error missing script: webpack
11 error If you need help, you may report this error at:
11 error     <https://github.com/npm/npm/issues>
12 verbose exit [ 1, true ]
